GET /api/v1/products 200 49 - 1.803 ms
POST /api/v1/products 404 155 - 0.771 ms
::1 - - [13/Nov/2021:11:25:41 +0000] "POST /api/v1/products HTTP/1.1" 404 155 "-" "PostmanRuntime/7.28.4"
::1 - - [15/Nov/2021:05:29:47 +0000] "GET / HTTP/1.1" 200 17 "-" "Mozilla/5.0 (Windows NT 10.0; Win64; x64) AppleWebKit/537.36 (KHTML, like Gecko) Chrome/95.0.4638.69 Safari/537.36"
::1 - - [15/Nov/2021:05:29:47 +0000] "GET /favicon.ico HTTP/1.1" 404 150 "http://localhost:5001/" "Mozilla/5.0 (Windows NT 10.0; Win64; x64) AppleWebKit/537.36 (KHTML, like Gecko) Chrome/95.0.4638.69 Safari/537.36"
::1 - - [15/Nov/2021:05:47:50 +0000] "POST /api/v1/products HTTP/1.1" 404 155 "-" "PostmanRuntime/7.28.4"
::1 - - [15/Nov/2021:05:48:20 +0000] "POST /api/v1/products HTTP/1.1" 201 83 "-" "PostmanRuntime/7.28.4"
::1 - - [15/Nov/2021:05:48:57 +0000] "POST /api/v1/products HTTP/1.1" 201 83 "-" "PostmanRuntime/7.28.4"
::1 - - [15/Nov/2021:05:49:21 +0000] "POST /api/v1/products HTTP/1.1" 201 83 "-" "PostmanRuntime/7.28.4"
::1 - - [15/Nov/2021:05:50:15 +0000] "POST /api/v1/products HTTP/1.1" 201 101 "-" "PostmanRuntime/7.28.4"
::1 - - [15/Nov/2021:05:53:27 +0000] "GET /products HTTP/1.1" 404 147 "-" "Mozilla/5.0 (Windows NT 10.0; Win64; x64) AppleWebKit/537.36 (KHTML, like Gecko) Chrome/95.0.4638.69 Safari/537.36"
::1 - - [15/Nov/2021:05:53:41 +0000] "GET /api/v1/products HTTP/1.1" 200 103 "-" "PostmanRuntime/7.28.4"
::1 - - [15/Nov/2021:07:36:34 +0000] "POST /api/v1/products HTTP/1.1" 500 1350 "-" "PostmanRuntime/7.28.4"
::1 - - [15/Nov/2021:07:38:26 +0000] "POST /api/v1/products HTTP/1.1" 500 1350 "-" "PostmanRuntime/7.28.4"
::1 - - [15/Nov/2021:07:39:21 +0000] "GET /api/v1/products HTTP/1.1" 200 2 "-" "PostmanRuntime/7.28.4"
::1 - - [15/Nov/2021:07:40:03 +0000] "GET /api/v1/products HTTP/1.1" 200 103 "-" "PostmanRuntime/7.28.4"
::1 - - [15/Nov/2021:07:41:44 +0000] "GET /api/v1/products HTTP/1.1" 200 103 "-" "PostmanRuntime/7.28.4"
::1 - - [15/Nov/2021:07:46:44 +0000] "GET /api/v1/products HTTP/1.1" 200 103 "-" "PostmanRuntime/7.28.4"
::1 - - [15/Nov/2021:07:46:56 +0000] "POST /api/v1/products HTTP/1.1" 201 103 "-" "PostmanRuntime/7.28.4"
::1 - - [15/Nov/2021:10:52:57 +0000] "POST /api/v1/categories HTTP/1.1" 200 96 "-" "PostmanRuntime/7.28.4"
::1 - - [15/Nov/2021:10:53:55 +0000] "POST /api/v1/categories HTTP/1.1" 200 131 "-" "PostmanRuntime/7.28.4"
::1 - - [15/Nov/2021:10:57:24 +0000] "DELETE /api/v1/categories/61923c43008a170de4238e75 HTTP/1.1" 200 53 "-" "PostmanRuntime/7.28.4"
::1 - - [15/Nov/2021:11:23:14 +0000] "POST /api/v1/categories HTTP/1.1" 200 127 "-" "PostmanRuntime/7.28.4"
::1 - - [15/Nov/2021:11:24:37 +0000] "POST /api/v1/categories HTTP/1.1" 200 121 "-" "PostmanRuntime/7.28.4"
::1 - - [15/Nov/2021:11:24:42 +0000] "GET /api/v1/categories HTTP/1.1" 200 251 "-" "PostmanRuntime/7.28.4"
::1 - - [15/Nov/2021:11:24:57 +0000] "DELETE /api/v1/categories/61924375008a170de4238e7a HTTP/1.1" 200 53 "-" "PostmanRuntime/7.28.4"
::1 - - [15/Nov/2021:11:25:05 +0000] "GET /api/v1/categories HTTP/1.1" 200 129 "-" "PostmanRuntime/7.28.4"
::1 - - [15/Nov/2021:11:30:20 +0000] "DELETE /api/v1/categories/61924322008a170de4238e78d HTTP/1.1" 500 321 "-" "PostmanRuntime/7.28.4"
::1 - - [15/Nov/2021:11:30:33 +0000] "DELETE /api/v1/categories/61924322008a170de4238e784 HTTP/1.1" 500 321 "-" "PostmanRuntime/7.28.4"
::1 - - [15/Nov/2021:12:17:43 +0000] "GET /api/v1/categories HTTP/1.1" 200 129 "-" "PostmanRuntime/7.28.4"
::1 - - [15/Nov/2021:12:17:49 +0000] "GET /api/v1/categories/61924322008a170de4238e78 HTTP/1.1" 200 127 "-" "PostmanRuntime/7.28.4"
::1 - - [15/Nov/2021:12:22:37 +0000] "PUT /api/v1/categories/61924322008a170de4238e78 HTTP/1.1" 200 127 "-" "PostmanRuntime/7.28.4"
::1 - - [15/Nov/2021:12:22:57 +0000] "GET /api/v1/categories/61924322008a170de4238e7 HTTP/1.1" - - "-" "PostmanRuntime/7.28.4"
::1 - - [15/Nov/2021:12:23:00 +0000] "GET /api/v1/categories HTTP/1.1" 200 129 "-" "PostmanRuntime/7.28.4"
::1 - - [15/Nov/2021:13:26:37 +0000] "GET /api/v1/products HTTP/1.1" 200 551 "-" "PostmanRuntime/7.28.4"
::1 - - [15/Nov/2021:13:30:17 +0000] "POST /api/v1/products HTTP/1.1" - - "-" "PostmanRuntime/7.28.4"
::1 - - [15/Nov/2021:13:36:26 +0000] "POST /api/v1/products HTTP/1.1" - - "-" "PostmanRuntime/7.28.4"
::1 - - [15/Nov/2021:13:36:32 +0000] "POST /api/v1/products HTTP/1.1" 200 358 "-" "PostmanRuntime/7.28.4"
::1 - - [16/Nov/2021:04:15:49 +0000] "POST /api/v1/products HTTP/1.1" 200 358 "-" "PostmanRuntime/7.28.4"
::1 - - [16/Nov/2021:04:16:03 +0000] "POST /api/v1/products/6193307431d760ea1e9bce29 HTTP/1.1" 404 180 "-" "PostmanRuntime/7.28.4"
::1 - - [16/Nov/2021:04:16:09 +0000] "GET /api/v1/products/6193307431d760ea1e9bce29 HTTP/1.1" 200 459 "-" "PostmanRuntime/7.28.4"
::1 - - [16/Nov/2021:04:17:55 +0000] "DELETE /api/v1/products/6193307431d760ea1e9bce29 HTTP/1.1" 200 52 "-" "PostmanRuntime/7.28.4"
::1 - - [16/Nov/2021:04:18:00 +0000] "DELETE /api/v1/products/6193307431d760ea1e9bce HTTP/1.1" 500 312 "-" "PostmanRuntime/7.28.4"
::1 - - [16/Nov/2021:04:19:10 +0000] "PUT /api/v1/products/6193307431d760ea1e9bce HTTP/1.1" - - "-" "PostmanRuntime/7.28.4"
::1 - - [16/Nov/2021:04:20:26 +0000] "PUT /api/v1/products/6193307431d760ea1e9bce HTTP/1.1" - - "-" "PostmanRuntime/7.28.4"
::1 - - [16/Nov/2021:04:21:02 +0000] "PUT /api/v1/products/6193307431d760ea1e9bce HTTP/1.1" - - "-" "PostmanRuntime/7.28.4"
::1 - - [16/Nov/2021:04:21:57 +0000] "PUT /api/v1/products/6193307431d760ea1e9bceas HTTP/1.1" - - "-" "PostmanRuntime/7.28.4"
::1 - - [16/Nov/2021:04:22:33 +0000] "GET /api/v1/products/6193307431d760ea1e9bceas HTTP/1.1" - - "-" "PostmanRuntime/7.28.4"
::1 - - [16/Nov/2021:04:25:35 +0000] "PUT /api/v1/products/6193307431d760ea1e9bceas HTTP/1.1" 400 18 "-" "PostmanRuntime/7.28.4"
::1 - - [16/Nov/2021:04:28:34 +0000] "GET /api/v1/products HTTP/1.1" 200 461 "-" "PostmanRuntime/7.28.4"
